<?xml version="1.0" encoding="UTF-8"?>
<testsuite name="Perform the navigation of a flow that allows me to visualize the engine specifications of" tests="2" skipped="0" failures="0" errors="0" timestamp="2021-06-15T18:15:55" hostname="CHMEP5CD9326Y5J" time="72.31">
  <properties/>
  <testcase name="view details of the engine of a car model" classname="Perform the navigation of a flow that allows me to visualize the engine specifications of" time="43.54"/>
  <testcase name="view details of the engine of a car model" classname="Perform the navigation of a flow that allows me to visualize the engine specifications of" time="28.767"/>
  <system-out><![CDATA[MOTOR
CILINDRAJE (cc) 2.755
COMBUSTIBLE DIESEL
POTENCIA MÁXIMA ( Hp / rpm) 201 / 3.000 – 3.400
TORQUE MÁXIMO (Nm / rpm) 500 / 1.600 – 2.800
TECNOLOGÍA MOTOR 4 CILINDROS EN LÍNEA + 16 VÁLVULAS + DOHC + TRANSMISIÓN POR CADENA + COMMON RAIL + INTERCOOLER + TURBO DE GEOMETRÍA VARIABLEMOTOR
MOTOR 2NR-FE
CILINDRAJE (c.c.) 1.496
POTENCIA MÁXIMA (Hp/rpm) 106/6.000
TORQUE MÁXIMO (Nm/rpm) 140/4.200
TECNOLOGÍA MOTOR 4 EN LÍNEA + DOHC + 16 VÁLVULAS + VVT-i (DUAL)]]></system-out>
  <system-err><![CDATA[jun 15, 2021 1:15:55 PM org.openqa.selenium.remote.DesiredCapabilities chrome
INFORMACIÓN: Using `new ChromeOptions()` is preferred to `DesiredCapabilities.chrome()`
Starting ChromeDriver 91.0.4472.101 (af52a90bf87030dd1523486a1cd3ae25c5d76c9b-refs/branch-heads/4472@{#1462}) on port 25227
Only local connections are allowed.
Please see https://chromedriver.chromium.org/security-considerations for suggestions on keeping ChromeDriver safe.
ChromeDriver was started successfully.
jun 15, 2021 1:15:58 PM org.openqa.selenium.remote.ProtocolHandshake createSession
INFORMACIÓN: Detected dialect: W3C
[Test worker] INFO net.serenitybdd.core.Serenity - 
        __    _____ _____ ____ _____   ____   _    ____  ____  _____ ____  
  _     \ \  |_   _| ____/ ___|_   _| |  _ \ / \  / ___|/ ___|| ____|  _ \ 
 (_)_____| |   | | |  _| \___ \ | |   | |_) / _ \ \___ \\___ \|  _| | | | |
  _|_____| |   | | | |___ ___) || |   |  __/ ___ \ ___) |___) | |___| |_| |
 (_)     | |   |_| |_____|____/ |_|   |_| /_/   \_\____/|____/|_____|____/ 
        /_/                                                                

TEST PASSED: view details of the engine of a car model
----------------------------------------------------------------------------
jun 15, 2021 1:16:38 PM org.openqa.selenium.remote.DesiredCapabilities chrome
INFORMACIÓN: Using `new ChromeOptions()` is preferred to `DesiredCapabilities.chrome()`
jun 15, 2021 1:16:40 PM org.openqa.selenium.remote.ProtocolHandshake createSession
INFORMACIÓN: Detected dialect: W3C
[Test worker] INFO net.serenitybdd.core.Serenity - 
        __    _____ _____ ____ _____   ____   _    ____  ____  _____ ____  
  _     \ \  |_   _| ____/ ___|_   _| |  _ \ / \  / ___|/ ___|| ____|  _ \ 
 (_)_____| |   | | |  _| \___ \ | |   | |_) / _ \ \___ \\___ \|  _| | | | |
  _|_____| |   | | | |___ ___) || |   |  __/ ___ \ ___) |___) | |___| |_| |
 (_)     | |   |_| |_____|____/ |_|   |_| /_/   \_\____/|____/|_____|____/ 
        /_/                                                                

TEST PASSED: view details of the engine of a car model
----------------------------------------------------------------------------
]]></system-err>
</testsuite>
